2023-04-05 22:19:56,500 - kedro.framework.session.session - INFO - Kedro project iris-example
2023-04-05 22:19:56,697 - py.warnings - WARNING - /Users/lasiadhi/Anaconda_2023/anaconda3/envs/kedroenv/lib/python3.9/site-packages/kedro/framework/project/__init__.py:343: UserWarning: An error occurred while importing the 'iris_example.pipeline' module. Nothing defined therein will be returned by 'find_pipelines'.

Traceback (most recent call last):
  File "/Users/lasiadhi/Anaconda_2023/anaconda3/envs/kedroenv/lib/python3.9/site-packages/kedro/framework/project/__init__.py", line 340, in find_pipelines
    pipeline_module = importlib.import_module(pipeline_module_name)
  File "/Users/lasiadhi/Anaconda_2023/anaconda3/envs/kedroenv/lib/python3.9/importlib/__init__.py", line 127, in import_module
    return _bootstrap._gcd_import(name[level:], package, level)
  File "<frozen importlib._bootstrap>", line 1030, in _gcd_import
  File "<frozen importlib._bootstrap>", line 1007, in _find_and_load
  File "<frozen importlib._bootstrap>", line 986, in _find_and_load_unlocked
  File "<frozen importlib._bootstrap>", line 680, in _load_unlocked
  File "<frozen importlib._bootstrap_external>", line 850, in exec_module
  File "<frozen importlib._bootstrap>", line 228, in _call_with_frames_removed
  File "/Users/lasiadhi/Downloads/iris-example/src/iris_example/pipeline.py", line 8, in <module>
    from .nodes import make_predictions, report_accuracy, split_data
  File "/Users/lasiadhi/Downloads/iris-example/src/iris_example/nodes.py", line 10, in <module>
    import pandas as pd
ModuleNotFoundError: No module named 'pandas'

  warnings.warn(

2023-04-05 22:31:51,223 - kedro.framework.session.session - INFO - Kedro project iris-example
2023-04-05 22:31:51,628 - kedro.io.data_catalog - INFO - Loading data from 'example_iris_data' (CSVDataSet)...
2023-04-05 22:31:51,633 - kedro.io.data_catalog - INFO - Loading data from 'parameters' (MemoryDataSet)...
2023-04-05 22:31:51,635 - kedro.pipeline.node - INFO - Running node: split: split_data([example_iris_data,parameters]) -> [X_train,X_test,y_train,y_test]
2023-04-05 22:31:51,643 - kedro.io.data_catalog - INFO - Saving data to 'X_train' (MemoryDataSet)...
2023-04-05 22:31:51,644 - kedro.io.data_catalog - INFO - Saving data to 'X_test' (MemoryDataSet)...
2023-04-05 22:31:51,646 - kedro.io.data_catalog - INFO - Saving data to 'y_train' (MemoryDataSet)...
2023-04-05 22:31:51,647 - kedro.io.data_catalog - INFO - Saving data to 'y_test' (MemoryDataSet)...
2023-04-05 22:31:51,648 - kedro.runner.sequential_runner - INFO - Completed 1 out of 3 tasks
2023-04-05 22:31:51,650 - kedro.io.data_catalog - INFO - Loading data from 'X_train' (MemoryDataSet)...
2023-04-05 22:31:51,651 - kedro.io.data_catalog - INFO - Loading data from 'X_test' (MemoryDataSet)...
2023-04-05 22:31:51,652 - kedro.io.data_catalog - INFO - Loading data from 'y_train' (MemoryDataSet)...
2023-04-05 22:31:51,653 - kedro.pipeline.node - INFO - Running node: make_predictions: make_predictions([X_train,X_test,y_train]) -> [y_pred]
2023-04-05 22:31:51,660 - kedro.io.data_catalog - INFO - Saving data to 'y_pred' (MemoryDataSet)...
2023-04-05 22:31:51,662 - kedro.runner.sequential_runner - INFO - Completed 2 out of 3 tasks
2023-04-05 22:31:51,663 - kedro.io.data_catalog - INFO - Loading data from 'y_pred' (MemoryDataSet)...
2023-04-05 22:31:51,665 - kedro.io.data_catalog - INFO - Loading data from 'y_test' (MemoryDataSet)...
2023-04-05 22:31:51,666 - kedro.pipeline.node - INFO - Running node: report_accuracy: report_accuracy([y_pred,y_test]) -> None
2023-04-05 22:31:51,668 - iris_example.nodes - INFO - Model has accuracy of 0.933 on test data.
2023-04-05 22:31:51,669 - kedro.runner.sequential_runner - INFO - Completed 3 out of 3 tasks
2023-04-05 22:31:51,670 - kedro.runner.sequential_runner - INFO - Pipeline execution completed successfully.
2023-04-05 22:39:22,151 - kedro.framework.session.session - INFO - Kedro project iris-example
2023-04-05 22:39:40,635 - kedro.framework.session.session - INFO - Kedro project iris-example
2023-04-05 23:20:54,080 - kedro.framework.session.session - INFO - Kedro project iris-example
2023-04-05 23:20:54,725 - kedro.io.data_catalog - INFO - Loading data from 'example_iris_data' (CSVDataSet)...
2023-04-05 23:20:54,730 - kedro.io.data_catalog - INFO - Loading data from 'parameters' (MemoryDataSet)...
2023-04-05 23:20:54,732 - kedro.pipeline.node - INFO - Running node: split: split_data([example_iris_data,parameters]) -> [X_train,X_test,y_train,y_test]
2023-04-05 23:20:54,736 - kedro.io.data_catalog - INFO - Saving data to 'X_train' (MemoryDataSet)...
2023-04-05 23:20:54,737 - kedro.io.data_catalog - INFO - Saving data to 'X_test' (MemoryDataSet)...
2023-04-05 23:20:54,739 - kedro.io.data_catalog - INFO - Saving data to 'y_train' (MemoryDataSet)...
2023-04-05 23:20:54,740 - kedro.io.data_catalog - INFO - Saving data to 'y_test' (MemoryDataSet)...
2023-04-05 23:20:54,741 - kedro.runner.sequential_runner - INFO - Completed 1 out of 3 tasks
2023-04-05 23:20:54,743 - kedro.io.data_catalog - INFO - Loading data from 'X_train' (MemoryDataSet)...
2023-04-05 23:20:54,744 - kedro.io.data_catalog - INFO - Loading data from 'X_test' (MemoryDataSet)...
2023-04-05 23:20:54,746 - kedro.io.data_catalog - INFO - Loading data from 'y_train' (MemoryDataSet)...
2023-04-05 23:20:54,748 - kedro.pipeline.node - INFO - Running node: make_predictions: make_predictions([X_train,X_test,y_train]) -> [y_pred]
2023-04-05 23:20:54,750 - kedro.io.data_catalog - INFO - Saving data to 'y_pred' (MemoryDataSet)...
2023-04-05 23:20:54,752 - kedro.runner.sequential_runner - INFO - Completed 2 out of 3 tasks
2023-04-05 23:20:54,753 - kedro.io.data_catalog - INFO - Loading data from 'y_pred' (MemoryDataSet)...
2023-04-05 23:20:54,754 - kedro.io.data_catalog - INFO - Loading data from 'y_test' (MemoryDataSet)...
2023-04-05 23:20:54,756 - kedro.pipeline.node - INFO - Running node: report_accuracy: report_accuracy([y_pred,y_test]) -> None
2023-04-05 23:20:54,757 - iris_example.nodes - INFO - Model has accuracy of 0.933 on test data.
2023-04-05 23:20:54,761 - kedro.runner.sequential_runner - INFO - Completed 3 out of 3 tasks
2023-04-05 23:20:54,762 - kedro.runner.sequential_runner - INFO - Pipeline execution completed successfully.
2023-04-05 23:21:46,655 - kedro.framework.session.session - INFO - Kedro project iris-example
2023-04-05 23:22:53,643 - kedro.framework.session.session - INFO - Kedro project iris-example
2023-04-05 23:32:14,228 - kedro.ipython - INFO - Kedro project iris example
2023-04-05 23:32:14,231 - kedro.ipython - INFO - Defined global variable 'context', 'session', 'catalog' and 'pipelines'
2023-04-05 23:32:15,344 - kedro.ipython - INFO - Registered line magic 'run_viz'
2023-04-05 23:37:01,110 - kedro.io.data_catalog - INFO - Loading data from 'example_iris_data' (CSVDataSet)...
2023-04-05 23:37:20,844 - kedro.io.data_catalog - INFO - Loading data from 'example_iris_data' (CSVDataSet)...
2023-04-05 23:41:43,639 - kedro.framework.session.session - INFO - Kedro project iris-example
2023-04-05 23:43:17,626 - kedro.framework.session.session - INFO - Kedro project iris-example
2023-04-05 23:43:25,976 - kedro.framework.session.session - INFO - Kedro project iris-example
2023-04-05 23:44:43,963 - kedro.framework.session.session - INFO - Kedro project iris-example
2023-04-05 23:44:50,599 - kedro.framework.session.session - INFO - Kedro project iris-example
2023-04-05 23:46:14,309 - kedro.framework.session.session - INFO - Kedro project iris-example
2023-04-05 23:46:14,750 - kedro.io.data_catalog - INFO - Loading data from 'example_iris_data' (CSVDataSet)...
2023-04-05 23:46:14,755 - kedro.io.data_catalog - INFO - Loading data from 'parameters' (MemoryDataSet)...
2023-04-05 23:46:14,757 - kedro.pipeline.node - INFO - Running node: split: split_data([example_iris_data,parameters]) -> [X_train,X_test,y_train,y_test]
2023-04-05 23:46:14,760 - kedro.io.data_catalog - INFO - Saving data to 'X_train' (MemoryDataSet)...
2023-04-05 23:46:14,762 - kedro.io.data_catalog - INFO - Saving data to 'X_test' (MemoryDataSet)...
2023-04-05 23:46:14,763 - kedro.io.data_catalog - INFO - Saving data to 'y_train' (MemoryDataSet)...
2023-04-05 23:46:14,764 - kedro.io.data_catalog - INFO - Saving data to 'y_test' (MemoryDataSet)...
2023-04-05 23:46:14,766 - kedro.runner.sequential_runner - INFO - Completed 1 out of 1 tasks
2023-04-05 23:46:14,767 - kedro.runner.sequential_runner - INFO - Pipeline execution completed successfully.
2023-04-05 23:46:14,768 - kedro.io.data_catalog - INFO - Loading data from 'y_test' (MemoryDataSet)...
2023-04-05 23:46:14,769 - kedro.io.data_catalog - INFO - Loading data from 'X_test' (MemoryDataSet)...
2023-04-05 23:46:14,770 - kedro.io.data_catalog - INFO - Loading data from 'y_train' (MemoryDataSet)...
2023-04-05 23:46:14,772 - kedro.io.data_catalog - INFO - Loading data from 'X_train' (MemoryDataSet)...
2023-04-05 23:48:58,739 - kedro.framework.session.session - INFO - Kedro project iris-example
2023-04-05 23:48:59,105 - kedro.io.data_catalog - INFO - Loading data from 'example_iris_data' (CSVDataSet)...
2023-04-05 23:48:59,110 - kedro.io.data_catalog - INFO - Loading data from 'parameters' (MemoryDataSet)...
2023-04-05 23:48:59,111 - kedro.pipeline.node - INFO - Running node: split: split_data([example_iris_data,parameters]) -> [X_train,X_test,y_train,y_test]
2023-04-05 23:48:59,115 - kedro.io.data_catalog - INFO - Saving data to 'X_train' (MemoryDataSet)...
2023-04-05 23:48:59,117 - kedro.io.data_catalog - INFO - Saving data to 'X_test' (MemoryDataSet)...
2023-04-05 23:48:59,118 - kedro.io.data_catalog - INFO - Saving data to 'y_train' (MemoryDataSet)...
2023-04-05 23:48:59,119 - kedro.io.data_catalog - INFO - Saving data to 'y_test' (MemoryDataSet)...
2023-04-05 23:48:59,121 - kedro.runner.sequential_runner - INFO - Completed 1 out of 3 tasks
2023-04-05 23:48:59,122 - kedro.io.data_catalog - INFO - Loading data from 'X_train' (MemoryDataSet)...
2023-04-05 23:48:59,123 - kedro.io.data_catalog - INFO - Loading data from 'X_test' (MemoryDataSet)...
2023-04-05 23:48:59,125 - kedro.io.data_catalog - INFO - Loading data from 'y_train' (MemoryDataSet)...
2023-04-05 23:48:59,126 - kedro.pipeline.node - INFO - Running node: make_predictions: make_predictions([X_train,X_test,y_train]) -> [y_pred]
2023-04-05 23:48:59,129 - kedro.io.data_catalog - INFO - Saving data to 'y_pred' (MemoryDataSet)...
2023-04-05 23:48:59,131 - kedro.runner.sequential_runner - INFO - Completed 2 out of 3 tasks
2023-04-05 23:48:59,132 - kedro.io.data_catalog - INFO - Loading data from 'y_pred' (MemoryDataSet)...
2023-04-05 23:48:59,133 - kedro.io.data_catalog - INFO - Loading data from 'y_test' (MemoryDataSet)...
2023-04-05 23:48:59,134 - kedro.pipeline.node - INFO - Running node: report_accuracy: report_accuracy([y_pred,y_test]) -> None
2023-04-05 23:48:59,136 - iris_example.nodes - INFO - Model has accuracy of 0.933 on test data.
2023-04-05 23:48:59,137 - kedro.runner.sequential_runner - INFO - Completed 3 out of 3 tasks
2023-04-05 23:48:59,138 - kedro.runner.sequential_runner - INFO - Pipeline execution completed successfully.
2023-04-05 23:49:46,717 - kedro.framework.session.session - INFO - Kedro project iris-example
2023-04-05 23:49:47,089 - kedro.io.data_catalog - INFO - Loading data from 'example_iris_data' (CSVDataSet)...
2023-04-05 23:49:47,093 - kedro.io.data_catalog - INFO - Loading data from 'parameters' (MemoryDataSet)...
2023-04-05 23:49:47,094 - kedro.pipeline.node - INFO - Running node: split: split_data([example_iris_data,parameters]) -> [X_train,X_test,y_train,y_test]
2023-04-05 23:49:47,098 - kedro.io.data_catalog - INFO - Saving data to 'X_train' (MemoryDataSet)...
2023-04-05 23:49:47,100 - kedro.io.data_catalog - INFO - Saving data to 'X_test' (MemoryDataSet)...
2023-04-05 23:49:47,101 - kedro.io.data_catalog - INFO - Saving data to 'y_train' (MemoryDataSet)...
2023-04-05 23:49:47,103 - kedro.io.data_catalog - INFO - Saving data to 'y_test' (MemoryDataSet)...
2023-04-05 23:49:47,104 - kedro.runner.sequential_runner - INFO - Completed 1 out of 1 tasks
2023-04-05 23:49:47,105 - kedro.runner.sequential_runner - INFO - Pipeline execution completed successfully.
2023-04-05 23:49:47,107 - kedro.io.data_catalog - INFO - Loading data from 'y_test' (MemoryDataSet)...
2023-04-05 23:49:47,108 - kedro.io.data_catalog - INFO - Loading data from 'X_train' (MemoryDataSet)...
2023-04-05 23:49:47,109 - kedro.io.data_catalog - INFO - Loading data from 'y_train' (MemoryDataSet)...
2023-04-05 23:49:47,110 - kedro.io.data_catalog - INFO - Loading data from 'X_test' (MemoryDataSet)...
2023-04-05 23:51:06,692 - kedro.framework.session.session - INFO - Kedro project iris-example
2023-04-05 23:51:07,062 - kedro.io.data_catalog - INFO - Loading data from 'example_iris_data' (CSVDataSet)...
2023-04-05 23:51:07,066 - kedro.io.data_catalog - INFO - Loading data from 'parameters' (MemoryDataSet)...
2023-04-05 23:51:07,067 - kedro.pipeline.node - INFO - Running node: split: split_data([example_iris_data,parameters]) -> [X_train,X_test,y_train,y_test]
2023-04-05 23:51:07,072 - kedro.io.data_catalog - INFO - Saving data to 'X_train' (MemoryDataSet)...
2023-04-05 23:51:07,073 - kedro.io.data_catalog - INFO - Saving data to 'X_test' (MemoryDataSet)...
2023-04-05 23:51:07,074 - kedro.io.data_catalog - INFO - Saving data to 'y_train' (MemoryDataSet)...
2023-04-05 23:51:07,076 - kedro.io.data_catalog - INFO - Saving data to 'y_test' (MemoryDataSet)...
2023-04-05 23:51:07,078 - kedro.runner.sequential_runner - INFO - Completed 1 out of 1 tasks
2023-04-05 23:51:07,079 - kedro.runner.sequential_runner - INFO - Pipeline execution completed successfully.
2023-04-05 23:51:07,081 - kedro.io.data_catalog - INFO - Loading data from 'y_train' (MemoryDataSet)...
2023-04-05 23:51:07,082 - kedro.io.data_catalog - INFO - Loading data from 'X_test' (MemoryDataSet)...
2023-04-05 23:51:07,084 - kedro.io.data_catalog - INFO - Loading data from 'X_train' (MemoryDataSet)...
2023-04-05 23:51:07,085 - kedro.io.data_catalog - INFO - Loading data from 'y_test' (MemoryDataSet)...
2023-04-06 00:20:27,937 - kedro.framework.session.session - INFO - Kedro project iris-example
2023-04-06 00:20:28,378 - kedro.io.data_catalog - INFO - Loading data from 'example_iris_data' (CSVDataSet)...
2023-04-06 00:20:28,382 - kedro.io.data_catalog - INFO - Loading data from 'parameters' (MemoryDataSet)...
2023-04-06 00:20:28,384 - kedro.pipeline.node - INFO - Running node: split: split_data([example_iris_data,parameters]) -> [X_train,X_test,y_train,y_test]
2023-04-06 00:20:28,388 - kedro.io.data_catalog - INFO - Saving data to 'X_train' (MemoryDataSet)...
2023-04-06 00:20:28,390 - kedro.io.data_catalog - INFO - Saving data to 'X_test' (MemoryDataSet)...
2023-04-06 00:20:28,392 - kedro.io.data_catalog - INFO - Saving data to 'y_train' (MemoryDataSet)...
2023-04-06 00:20:28,393 - kedro.io.data_catalog - INFO - Saving data to 'y_test' (MemoryDataSet)...
2023-04-06 00:20:28,394 - kedro.runner.sequential_runner - INFO - Completed 1 out of 3 tasks
2023-04-06 00:20:28,396 - kedro.io.data_catalog - INFO - Loading data from 'X_train' (MemoryDataSet)...
2023-04-06 00:20:28,397 - kedro.io.data_catalog - INFO - Loading data from 'X_test' (MemoryDataSet)...
2023-04-06 00:20:28,398 - kedro.io.data_catalog - INFO - Loading data from 'y_train' (MemoryDataSet)...
2023-04-06 00:20:28,399 - kedro.pipeline.node - INFO - Running node: make_predictions: make_predictions([X_train,X_test,y_train]) -> [y_pred]
2023-04-06 00:20:28,401 - kedro.io.data_catalog - INFO - Saving data to 'y_pred' (CSVDataSet)...
2023-04-06 00:20:28,409 - kedro.runner.sequential_runner - INFO - Completed 2 out of 3 tasks
2023-04-06 00:20:28,411 - kedro.io.data_catalog - INFO - Loading data from 'y_pred' (CSVDataSet)...
2023-04-06 00:20:28,413 - kedro.io.data_catalog - INFO - Loading data from 'y_test' (MemoryDataSet)...
2023-04-06 00:20:28,415 - kedro.pipeline.node - INFO - Running node: report_accuracy: report_accuracy([y_pred,y_test]) -> None
2023-04-06 00:20:28,416 - py.warnings - WARNING - /Users/lasiadhi/Downloads/iris-example/src/iris_example/nodes.py:72: FutureWarning: Automatic reindexing on DataFrame vs Series comparisons is deprecated and will raise ValueError in a future version. Do `left, right = left.align(right, axis=1, copy=False)` before e.g. `left == right`
  accuracy = (y_pred == y_test).sum() / len(y_test)

2023-04-06 00:20:28,430 - kedro.pipeline.node - ERROR - Node 'report_accuracy: report_accuracy([y_pred,y_test]) -> None' failed with error: 
cannot convert the series to <class 'float'>
2023-04-06 00:20:28,432 - kedro.runner.sequential_runner - WARNING - There are 1 nodes that have not run.
You can resume the pipeline run from the nearest nodes with persisted inputs by adding the following argument to your previous command:
  --from-nodes ""
2023-04-06 00:21:14,794 - kedro.framework.session.session - INFO - Kedro project iris-example
2023-04-06 00:21:15,163 - kedro.io.data_catalog - INFO - Loading data from 'example_iris_data' (CSVDataSet)...
2023-04-06 00:21:15,168 - kedro.io.data_catalog - INFO - Loading data from 'parameters' (MemoryDataSet)...
2023-04-06 00:21:15,169 - kedro.pipeline.node - INFO - Running node: split: split_data([example_iris_data,parameters]) -> [X_train,X_test,y_train,y_test]
2023-04-06 00:21:15,174 - kedro.io.data_catalog - INFO - Saving data to 'X_train' (MemoryDataSet)...
2023-04-06 00:21:15,175 - kedro.io.data_catalog - INFO - Saving data to 'X_test' (MemoryDataSet)...
2023-04-06 00:21:15,177 - kedro.io.data_catalog - INFO - Saving data to 'y_train' (MemoryDataSet)...
2023-04-06 00:21:15,178 - kedro.io.data_catalog - INFO - Saving data to 'y_test' (MemoryDataSet)...
2023-04-06 00:21:15,179 - kedro.runner.sequential_runner - INFO - Completed 1 out of 3 tasks
2023-04-06 00:21:15,180 - kedro.io.data_catalog - INFO - Loading data from 'X_train' (MemoryDataSet)...
2023-04-06 00:21:15,182 - kedro.io.data_catalog - INFO - Loading data from 'X_test' (MemoryDataSet)...
2023-04-06 00:21:15,183 - kedro.io.data_catalog - INFO - Loading data from 'y_train' (MemoryDataSet)...
2023-04-06 00:21:15,184 - kedro.pipeline.node - INFO - Running node: make_predictions: make_predictions([X_train,X_test,y_train]) -> [y_pred]
2023-04-06 00:21:15,186 - kedro.io.data_catalog - INFO - Saving data to 'y_pred' (MemoryDataSet)...
2023-04-06 00:21:15,187 - kedro.runner.sequential_runner - INFO - Completed 2 out of 3 tasks
2023-04-06 00:21:15,188 - kedro.io.data_catalog - INFO - Loading data from 'y_pred' (MemoryDataSet)...
2023-04-06 00:21:15,190 - kedro.io.data_catalog - INFO - Loading data from 'y_test' (MemoryDataSet)...
2023-04-06 00:21:15,194 - kedro.pipeline.node - INFO - Running node: report_accuracy: report_accuracy([y_pred,y_test]) -> None
2023-04-06 00:21:15,196 - iris_example.nodes - INFO - Model has accuracy of 0.956 on test data.
2023-04-06 00:21:15,198 - kedro.runner.sequential_runner - INFO - Completed 3 out of 3 tasks
2023-04-06 00:21:15,199 - kedro.runner.sequential_runner - INFO - Pipeline execution completed successfully.
2023-04-06 00:22:02,053 - kedro.framework.session.session - INFO - Kedro project iris-example
2023-04-06 00:22:02,422 - kedro.io.data_catalog - INFO - Loading data from 'example_iris_data' (CSVDataSet)...
2023-04-06 00:22:02,426 - kedro.io.data_catalog - INFO - Loading data from 'parameters' (MemoryDataSet)...
2023-04-06 00:22:02,428 - kedro.pipeline.node - INFO - Running node: split: split_data([example_iris_data,parameters]) -> [X_train,X_test,y_train,y_test]
2023-04-06 00:22:02,432 - kedro.io.data_catalog - INFO - Saving data to 'X_train' (MemoryDataSet)...
2023-04-06 00:22:02,434 - kedro.io.data_catalog - INFO - Saving data to 'X_test' (MemoryDataSet)...
2023-04-06 00:22:02,435 - kedro.io.data_catalog - INFO - Saving data to 'y_train' (MemoryDataSet)...
2023-04-06 00:22:02,436 - kedro.io.data_catalog - INFO - Saving data to 'y_test' (MemoryDataSet)...
2023-04-06 00:22:02,437 - kedro.runner.sequential_runner - INFO - Completed 1 out of 3 tasks
2023-04-06 00:22:02,438 - kedro.io.data_catalog - INFO - Loading data from 'X_train' (MemoryDataSet)...
2023-04-06 00:22:02,440 - kedro.io.data_catalog - INFO - Loading data from 'X_test' (MemoryDataSet)...
2023-04-06 00:22:02,441 - kedro.io.data_catalog - INFO - Loading data from 'y_train' (MemoryDataSet)...
2023-04-06 00:22:02,442 - kedro.pipeline.node - INFO - Running node: make_predictions: make_predictions([X_train,X_test,y_train]) -> [y_pred]
2023-04-06 00:22:02,444 - kedro.io.data_catalog - INFO - Saving data to 'y_pred' (CSVDataSet)...
2023-04-06 00:22:02,448 - kedro.runner.sequential_runner - INFO - Completed 2 out of 3 tasks
2023-04-06 00:22:02,449 - kedro.io.data_catalog - INFO - Loading data from 'y_pred' (CSVDataSet)...
2023-04-06 00:22:02,452 - kedro.io.data_catalog - INFO - Loading data from 'y_test' (MemoryDataSet)...
2023-04-06 00:22:02,454 - kedro.pipeline.node - INFO - Running node: report_accuracy: report_accuracy([y_pred,y_test]) -> None
2023-04-06 00:22:02,455 - py.warnings - WARNING - /Users/lasiadhi/Downloads/iris-example/src/iris_example/nodes.py:72: FutureWarning: Automatic reindexing on DataFrame vs Series comparisons is deprecated and will raise ValueError in a future version. Do `left, right = left.align(right, axis=1, copy=False)` before e.g. `left == right`
  accuracy = (y_pred == y_test).sum() / len(y_test)

2023-04-06 00:22:02,460 - kedro.pipeline.node - ERROR - Node 'report_accuracy: report_accuracy([y_pred,y_test]) -> None' failed with error: 
cannot convert the series to <class 'float'>
2023-04-06 00:22:02,463 - kedro.runner.sequential_runner - WARNING - There are 1 nodes that have not run.
You can resume the pipeline run from the nearest nodes with persisted inputs by adding the following argument to your previous command:
  --from-nodes ""
2023-04-06 00:34:10,834 - kedro.framework.session.session - INFO - Kedro project iris-example
2023-04-06 00:34:11,467 - kedro.io.data_catalog - INFO - Loading data from 'example_iris_data' (CSVDataSet)...
2023-04-06 00:34:11,472 - kedro.io.data_catalog - INFO - Loading data from 'parameters' (MemoryDataSet)...
2023-04-06 00:34:11,473 - kedro.pipeline.node - INFO - Running node: split: split_data([example_iris_data,parameters]) -> [X_train,X_test,y_train,y_test]
2023-04-06 00:34:11,477 - kedro.io.data_catalog - INFO - Saving data to 'X_train' (MemoryDataSet)...
2023-04-06 00:34:11,479 - kedro.io.data_catalog - INFO - Saving data to 'X_test' (MemoryDataSet)...
2023-04-06 00:34:11,480 - kedro.io.data_catalog - INFO - Saving data to 'y_train' (MemoryDataSet)...
2023-04-06 00:34:11,481 - kedro.io.data_catalog - INFO - Saving data to 'y_test' (MemoryDataSet)...
2023-04-06 00:34:11,483 - kedro.runner.sequential_runner - INFO - Completed 1 out of 3 tasks
2023-04-06 00:34:11,484 - kedro.io.data_catalog - INFO - Loading data from 'X_train' (MemoryDataSet)...
2023-04-06 00:34:11,485 - kedro.io.data_catalog - INFO - Loading data from 'X_test' (MemoryDataSet)...
2023-04-06 00:34:11,486 - kedro.io.data_catalog - INFO - Loading data from 'y_train' (MemoryDataSet)...
2023-04-06 00:34:11,488 - kedro.pipeline.node - INFO - Running node: make_predictions: make_predictions([X_train,X_test,y_train]) -> [y_pred]
2023-04-06 00:34:11,489 - kedro.io.data_catalog - INFO - Saving data to 'y_pred' (CSVDataSet)...
2023-04-06 00:34:11,494 - kedro.runner.sequential_runner - INFO - Completed 2 out of 3 tasks
2023-04-06 00:34:11,496 - kedro.io.data_catalog - INFO - Loading data from 'y_pred' (CSVDataSet)...
2023-04-06 00:34:11,498 - kedro.io.data_catalog - INFO - Loading data from 'y_test' (MemoryDataSet)...
2023-04-06 00:34:11,499 - kedro.pipeline.node - INFO - Running node: report_accuracy: report_accuracy([y_pred,y_test]) -> None
2023-04-06 00:34:11,501 - py.warnings - WARNING - /Users/lasiadhi/Downloads/iris-example/src/iris_example/nodes.py:72: FutureWarning: Automatic reindexing on DataFrame vs Series comparisons is deprecated and will raise ValueError in a future version. Do `left, right = left.align(right, axis=1, copy=False)` before e.g. `left == right`
  accuracy = (y_pred == y_test).sum() / len(y_test)

2023-04-06 00:34:11,506 - kedro.pipeline.node - ERROR - Node 'report_accuracy: report_accuracy([y_pred,y_test]) -> None' failed with error: 
cannot convert the series to <class 'float'>
2023-04-06 00:34:11,510 - kedro.runner.sequential_runner - WARNING - There are 1 nodes that have not run.
You can resume the pipeline run from the nearest nodes with persisted inputs by adding the following argument to your previous command:
  --from-nodes ""
2023-04-06 00:41:49,165 - kedro.framework.session.session - INFO - Kedro project iris-example
2023-04-06 00:41:49,770 - kedro.io.data_catalog - INFO - Loading data from 'example_iris_data' (CSVDataSet)...
2023-04-06 00:41:49,775 - kedro.io.data_catalog - INFO - Loading data from 'parameters' (MemoryDataSet)...
2023-04-06 00:41:49,777 - kedro.pipeline.node - INFO - Running node: split: split_data([example_iris_data,parameters]) -> [X_train,X_test,y_train,y_test]
2023-04-06 00:41:49,782 - kedro.io.data_catalog - INFO - Saving data to 'X_train' (MemoryDataSet)...
2023-04-06 00:41:49,783 - kedro.io.data_catalog - INFO - Saving data to 'X_test' (MemoryDataSet)...
2023-04-06 00:41:49,785 - kedro.io.data_catalog - INFO - Saving data to 'y_train' (MemoryDataSet)...
2023-04-06 00:41:49,786 - kedro.io.data_catalog - INFO - Saving data to 'y_test' (MemoryDataSet)...
2023-04-06 00:41:49,788 - kedro.runner.sequential_runner - INFO - Completed 1 out of 3 tasks
2023-04-06 00:41:49,789 - kedro.io.data_catalog - INFO - Loading data from 'X_train' (MemoryDataSet)...
2023-04-06 00:41:49,790 - kedro.io.data_catalog - INFO - Loading data from 'X_test' (MemoryDataSet)...
2023-04-06 00:41:49,792 - kedro.io.data_catalog - INFO - Loading data from 'y_train' (MemoryDataSet)...
2023-04-06 00:41:49,793 - kedro.pipeline.node - INFO - Running node: make_predictions: make_predictions([X_train,X_test,y_train]) -> [y_pred]
2023-04-06 00:41:49,795 - kedro.io.data_catalog - INFO - Saving data to 'y_pred' (CSVDataSet)...
2023-04-06 00:41:49,800 - kedro.runner.sequential_runner - INFO - Completed 2 out of 3 tasks
2023-04-06 00:41:49,801 - kedro.io.data_catalog - INFO - Loading data from 'y_pred' (CSVDataSet)...
2023-04-06 00:41:49,804 - kedro.io.data_catalog - INFO - Loading data from 'y_test' (MemoryDataSet)...
2023-04-06 00:41:49,805 - kedro.pipeline.node - INFO - Running node: report_accuracy: report_accuracy([y_pred,y_test]) -> None
2023-04-06 00:41:49,811 - py.warnings - WARNING - /Users/lasiadhi/Downloads/iris-example/src/iris_example/nodes.py:73: FutureWarning: Automatic reindexing on DataFrame vs Series comparisons is deprecated and will raise ValueError in a future version. Do `left, right = left.align(right, axis=1, copy=False)` before e.g. `left == right`
  accuracy = (y_pred == y_test).sum() / len(y_test)

2023-04-06 00:41:49,817 - kedro.pipeline.node - ERROR - Node 'report_accuracy: report_accuracy([y_pred,y_test]) -> None' failed with error: 
cannot convert the series to <class 'float'>
2023-04-06 00:41:49,821 - kedro.runner.sequential_runner - WARNING - There are 1 nodes that have not run.
You can resume the pipeline run from the nearest nodes with persisted inputs by adding the following argument to your previous command:
  --from-nodes ""
2023-04-06 00:42:16,330 - kedro.framework.session.session - INFO - Kedro project iris-example
2023-04-06 00:42:16,808 - kedro.io.data_catalog - INFO - Loading data from 'example_iris_data' (CSVDataSet)...
2023-04-06 00:42:16,812 - kedro.io.data_catalog - INFO - Loading data from 'parameters' (MemoryDataSet)...
2023-04-06 00:42:16,814 - kedro.pipeline.node - INFO - Running node: split: split_data([example_iris_data,parameters]) -> [X_train,X_test,y_train,y_test]
2023-04-06 00:42:16,818 - kedro.io.data_catalog - INFO - Saving data to 'X_train' (MemoryDataSet)...
2023-04-06 00:42:16,820 - kedro.io.data_catalog - INFO - Saving data to 'X_test' (MemoryDataSet)...
2023-04-06 00:42:16,821 - kedro.io.data_catalog - INFO - Saving data to 'y_train' (MemoryDataSet)...
2023-04-06 00:42:16,823 - kedro.io.data_catalog - INFO - Saving data to 'y_test' (MemoryDataSet)...
2023-04-06 00:42:16,824 - kedro.runner.sequential_runner - INFO - Completed 1 out of 3 tasks
2023-04-06 00:42:16,825 - kedro.io.data_catalog - INFO - Loading data from 'X_train' (MemoryDataSet)...
2023-04-06 00:42:16,826 - kedro.io.data_catalog - INFO - Loading data from 'X_test' (MemoryDataSet)...
2023-04-06 00:42:16,828 - kedro.io.data_catalog - INFO - Loading data from 'y_train' (MemoryDataSet)...
2023-04-06 00:42:16,829 - kedro.pipeline.node - INFO - Running node: make_predictions: make_predictions([X_train,X_test,y_train]) -> [y_pred]
2023-04-06 00:42:16,831 - kedro.io.data_catalog - INFO - Saving data to 'y_pred' (CSVDataSet)...
2023-04-06 00:42:16,835 - kedro.runner.sequential_runner - INFO - Completed 2 out of 3 tasks
2023-04-06 00:42:16,837 - kedro.io.data_catalog - INFO - Loading data from 'y_pred' (CSVDataSet)...
2023-04-06 00:42:16,840 - kedro.io.data_catalog - INFO - Loading data from 'y_test' (MemoryDataSet)...
2023-04-06 00:42:16,842 - kedro.pipeline.node - INFO - Running node: report_accuracy: report_accuracy([y_pred,y_test]) -> None
2023-04-06 00:42:16,848 - py.warnings - WARNING - /Users/lasiadhi/Downloads/iris-example/src/iris_example/nodes.py:74: FutureWarning: Automatic reindexing on DataFrame vs Series comparisons is deprecated and will raise ValueError in a future version. Do `left, right = left.align(right, axis=1, copy=False)` before e.g. `left == right`
  accuracy = (y_pred == y_test).sum() / len(y_test)

2023-04-06 00:42:16,853 - kedro.pipeline.node - ERROR - Node 'report_accuracy: report_accuracy([y_pred,y_test]) -> None' failed with error: 
cannot convert the series to <class 'float'>
2023-04-06 00:42:16,857 - kedro.runner.sequential_runner - WARNING - There are 1 nodes that have not run.
You can resume the pipeline run from the nearest nodes with persisted inputs by adding the following argument to your previous command:
  --from-nodes ""
2023-04-06 00:43:18,343 - kedro.framework.session.session - INFO - Kedro project iris-example
2023-04-06 00:43:18,943 - kedro.io.data_catalog - INFO - Loading data from 'example_iris_data' (CSVDataSet)...
2023-04-06 00:43:18,948 - kedro.io.data_catalog - INFO - Loading data from 'parameters' (MemoryDataSet)...
2023-04-06 00:43:18,950 - kedro.pipeline.node - INFO - Running node: split: split_data([example_iris_data,parameters]) -> [X_train,X_test,y_train,y_test]
2023-04-06 00:43:18,954 - kedro.io.data_catalog - INFO - Saving data to 'X_train' (MemoryDataSet)...
2023-04-06 00:43:18,956 - kedro.io.data_catalog - INFO - Saving data to 'X_test' (MemoryDataSet)...
2023-04-06 00:43:18,957 - kedro.io.data_catalog - INFO - Saving data to 'y_train' (MemoryDataSet)...
2023-04-06 00:43:18,959 - kedro.io.data_catalog - INFO - Saving data to 'y_test' (MemoryDataSet)...
2023-04-06 00:43:18,961 - kedro.runner.sequential_runner - INFO - Completed 1 out of 3 tasks
2023-04-06 00:43:18,963 - kedro.io.data_catalog - INFO - Loading data from 'X_train' (MemoryDataSet)...
2023-04-06 00:43:18,965 - kedro.io.data_catalog - INFO - Loading data from 'X_test' (MemoryDataSet)...
2023-04-06 00:43:18,967 - kedro.io.data_catalog - INFO - Loading data from 'y_train' (MemoryDataSet)...
2023-04-06 00:43:18,969 - kedro.pipeline.node - INFO - Running node: make_predictions: make_predictions([X_train,X_test,y_train]) -> [y_pred]
2023-04-06 00:43:18,971 - kedro.io.data_catalog - INFO - Saving data to 'y_pred' (CSVDataSet)...
2023-04-06 00:43:18,976 - kedro.runner.sequential_runner - INFO - Completed 2 out of 3 tasks
2023-04-06 00:43:18,978 - kedro.io.data_catalog - INFO - Loading data from 'y_pred' (CSVDataSet)...
2023-04-06 00:43:18,981 - kedro.io.data_catalog - INFO - Loading data from 'y_test' (MemoryDataSet)...
2023-04-06 00:43:18,983 - kedro.pipeline.node - INFO - Running node: report_accuracy: report_accuracy([y_pred,y_test]) -> None
2023-04-06 00:43:18,988 - py.warnings - WARNING - /Users/lasiadhi/Downloads/iris-example/src/iris_example/nodes.py:74: FutureWarning: Automatic reindexing on DataFrame vs Series comparisons is deprecated and will raise ValueError in a future version. Do `left, right = left.align(right, axis=1, copy=False)` before e.g. `left == right`
  accuracy = (y_pred == y_test).sum() / len(y_test)

2023-04-06 00:43:18,995 - kedro.pipeline.node - ERROR - Node 'report_accuracy: report_accuracy([y_pred,y_test]) -> None' failed with error: 
cannot convert the series to <class 'float'>
2023-04-06 00:43:18,999 - kedro.runner.sequential_runner - WARNING - There are 1 nodes that have not run.
You can resume the pipeline run from the nearest nodes with persisted inputs by adding the following argument to your previous command:
  --from-nodes ""
2023-04-06 00:44:01,051 - kedro.framework.session.session - INFO - Kedro project iris-example
2023-04-06 00:44:01,419 - kedro.io.data_catalog - INFO - Loading data from 'example_iris_data' (CSVDataSet)...
2023-04-06 00:44:01,423 - kedro.io.data_catalog - INFO - Loading data from 'parameters' (MemoryDataSet)...
2023-04-06 00:44:01,425 - kedro.pipeline.node - INFO - Running node: split: split_data([example_iris_data,parameters]) -> [X_train,X_test,y_train,y_test]
2023-04-06 00:44:01,429 - kedro.io.data_catalog - INFO - Saving data to 'X_train' (MemoryDataSet)...
2023-04-06 00:44:01,430 - kedro.io.data_catalog - INFO - Saving data to 'X_test' (MemoryDataSet)...
2023-04-06 00:44:01,432 - kedro.io.data_catalog - INFO - Saving data to 'y_train' (MemoryDataSet)...
2023-04-06 00:44:01,433 - kedro.io.data_catalog - INFO - Saving data to 'y_test' (MemoryDataSet)...
2023-04-06 00:44:01,435 - kedro.runner.sequential_runner - INFO - Completed 1 out of 3 tasks
2023-04-06 00:44:01,436 - kedro.io.data_catalog - INFO - Loading data from 'X_train' (MemoryDataSet)...
2023-04-06 00:44:01,438 - kedro.io.data_catalog - INFO - Loading data from 'X_test' (MemoryDataSet)...
2023-04-06 00:44:01,439 - kedro.io.data_catalog - INFO - Loading data from 'y_train' (MemoryDataSet)...
2023-04-06 00:44:01,440 - kedro.pipeline.node - INFO - Running node: make_predictions: make_predictions([X_train,X_test,y_train]) -> [y_pred]
2023-04-06 00:44:01,442 - kedro.io.data_catalog - INFO - Saving data to 'y_pred' (CSVDataSet)...
2023-04-06 00:44:01,446 - kedro.runner.sequential_runner - INFO - Completed 2 out of 3 tasks
2023-04-06 00:44:01,448 - kedro.io.data_catalog - INFO - Loading data from 'y_pred' (CSVDataSet)...
2023-04-06 00:44:01,451 - kedro.io.data_catalog - INFO - Loading data from 'y_test' (MemoryDataSet)...
2023-04-06 00:44:01,453 - kedro.pipeline.node - INFO - Running node: report_accuracy: report_accuracy([y_pred,y_test]) -> None
2023-04-06 00:44:01,458 - py.warnings - WARNING - /Users/lasiadhi/Downloads/iris-example/src/iris_example/nodes.py:75: FutureWarning: Automatic reindexing on DataFrame vs Series comparisons is deprecated and will raise ValueError in a future version. Do `left, right = left.align(right, axis=1, copy=False)` before e.g. `left == right`
  accuracy = (y_pred == y_test).sum() / len(y_test)

2023-04-06 00:44:01,463 - kedro.pipeline.node - ERROR - Node 'report_accuracy: report_accuracy([y_pred,y_test]) -> None' failed with error: 
cannot convert the series to <class 'float'>
2023-04-06 00:44:01,466 - kedro.runner.sequential_runner - WARNING - There are 1 nodes that have not run.
You can resume the pipeline run from the nearest nodes with persisted inputs by adding the following argument to your previous command:
  --from-nodes ""
2023-04-06 00:44:24,555 - kedro.framework.session.session - INFO - Kedro project iris-example
2023-04-06 00:44:24,919 - kedro.io.data_catalog - INFO - Loading data from 'example_iris_data' (CSVDataSet)...
2023-04-06 00:44:24,923 - kedro.io.data_catalog - INFO - Loading data from 'parameters' (MemoryDataSet)...
2023-04-06 00:44:24,925 - kedro.pipeline.node - INFO - Running node: split: split_data([example_iris_data,parameters]) -> [X_train,X_test,y_train,y_test]
2023-04-06 00:44:24,928 - kedro.io.data_catalog - INFO - Saving data to 'X_train' (MemoryDataSet)...
2023-04-06 00:44:24,930 - kedro.io.data_catalog - INFO - Saving data to 'X_test' (MemoryDataSet)...
2023-04-06 00:44:24,931 - kedro.io.data_catalog - INFO - Saving data to 'y_train' (MemoryDataSet)...
2023-04-06 00:44:24,933 - kedro.io.data_catalog - INFO - Saving data to 'y_test' (MemoryDataSet)...
2023-04-06 00:44:24,934 - kedro.runner.sequential_runner - INFO - Completed 1 out of 3 tasks
2023-04-06 00:44:24,935 - kedro.io.data_catalog - INFO - Loading data from 'X_train' (MemoryDataSet)...
2023-04-06 00:44:24,937 - kedro.io.data_catalog - INFO - Loading data from 'X_test' (MemoryDataSet)...
2023-04-06 00:44:24,939 - kedro.io.data_catalog - INFO - Loading data from 'y_train' (MemoryDataSet)...
2023-04-06 00:44:24,940 - kedro.pipeline.node - INFO - Running node: make_predictions: make_predictions([X_train,X_test,y_train]) -> [y_pred]
2023-04-06 00:44:24,942 - kedro.io.data_catalog - INFO - Saving data to 'y_pred' (CSVDataSet)...
2023-04-06 00:44:24,946 - kedro.runner.sequential_runner - INFO - Completed 2 out of 3 tasks
2023-04-06 00:44:24,947 - kedro.io.data_catalog - INFO - Loading data from 'y_pred' (CSVDataSet)...
2023-04-06 00:44:24,949 - kedro.io.data_catalog - INFO - Loading data from 'y_test' (MemoryDataSet)...
2023-04-06 00:44:24,951 - kedro.pipeline.node - INFO - Running node: report_accuracy: report_accuracy([y_pred,y_test]) -> None
2023-04-06 00:44:24,954 - py.warnings - WARNING - /Users/lasiadhi/Downloads/iris-example/src/iris_example/nodes.py:75: FutureWarning: Automatic reindexing on DataFrame vs Series comparisons is deprecated and will raise ValueError in a future version. Do `left, right = left.align(right, axis=1, copy=False)` before e.g. `left == right`
  accuracy = (y_pred == y_test).sum() / len(y_test)

2023-04-06 00:44:24,960 - kedro.pipeline.node - ERROR - Node 'report_accuracy: report_accuracy([y_pred,y_test]) -> None' failed with error: 
cannot convert the series to <class 'float'>
2023-04-06 00:44:24,962 - kedro.runner.sequential_runner - WARNING - There are 1 nodes that have not run.
You can resume the pipeline run from the nearest nodes with persisted inputs by adding the following argument to your previous command:
  --from-nodes ""
2023-04-06 00:44:59,891 - kedro.framework.session.session - INFO - Kedro project iris-example
2023-04-06 00:45:00,274 - kedro.io.data_catalog - INFO - Loading data from 'example_iris_data' (CSVDataSet)...
2023-04-06 00:45:00,279 - kedro.io.data_catalog - INFO - Loading data from 'parameters' (MemoryDataSet)...
2023-04-06 00:45:00,280 - kedro.pipeline.node - INFO - Running node: split: split_data([example_iris_data,parameters]) -> [X_train,X_test,y_train,y_test]
2023-04-06 00:45:00,284 - kedro.io.data_catalog - INFO - Saving data to 'X_train' (MemoryDataSet)...
2023-04-06 00:45:00,285 - kedro.io.data_catalog - INFO - Saving data to 'X_test' (MemoryDataSet)...
2023-04-06 00:45:00,287 - kedro.io.data_catalog - INFO - Saving data to 'y_train' (MemoryDataSet)...
2023-04-06 00:45:00,288 - kedro.io.data_catalog - INFO - Saving data to 'y_test' (MemoryDataSet)...
2023-04-06 00:45:00,291 - kedro.runner.sequential_runner - INFO - Completed 1 out of 3 tasks
2023-04-06 00:45:00,292 - kedro.io.data_catalog - INFO - Loading data from 'X_train' (MemoryDataSet)...
2023-04-06 00:45:00,293 - kedro.io.data_catalog - INFO - Loading data from 'X_test' (MemoryDataSet)...
2023-04-06 00:45:00,295 - kedro.io.data_catalog - INFO - Loading data from 'y_train' (MemoryDataSet)...
2023-04-06 00:45:00,297 - kedro.pipeline.node - INFO - Running node: make_predictions: make_predictions([X_train,X_test,y_train]) -> [y_pred]
2023-04-06 00:45:00,299 - kedro.io.data_catalog - INFO - Saving data to 'y_pred' (CSVDataSet)...
2023-04-06 00:45:00,303 - kedro.runner.sequential_runner - INFO - Completed 2 out of 3 tasks
2023-04-06 00:45:00,304 - kedro.io.data_catalog - INFO - Loading data from 'y_pred' (CSVDataSet)...
2023-04-06 00:45:00,307 - kedro.io.data_catalog - INFO - Loading data from 'y_test' (MemoryDataSet)...
2023-04-06 00:45:00,309 - kedro.pipeline.node - INFO - Running node: report_accuracy: report_accuracy([y_pred,y_test]) -> None
2023-04-06 00:45:00,311 - kedro.pipeline.node - ERROR - Node 'report_accuracy: report_accuracy([y_pred,y_test]) -> None' failed with error: 
Can only compare identically-labeled Series objects
2023-04-06 00:45:00,315 - kedro.runner.sequential_runner - WARNING - There are 1 nodes that have not run.
You can resume the pipeline run from the nearest nodes with persisted inputs by adding the following argument to your previous command:
  --from-nodes ""
2023-04-06 00:47:43,354 - kedro.framework.session.session - INFO - Kedro project iris-example
2023-04-06 00:47:43,734 - kedro.io.data_catalog - INFO - Loading data from 'example_iris_data' (CSVDataSet)...
2023-04-06 00:47:43,738 - kedro.io.data_catalog - INFO - Loading data from 'parameters' (MemoryDataSet)...
2023-04-06 00:47:43,740 - kedro.pipeline.node - INFO - Running node: split: split_data([example_iris_data,parameters]) -> [X_train,X_test,y_train,y_test]
2023-04-06 00:47:43,744 - kedro.io.data_catalog - INFO - Saving data to 'X_train' (MemoryDataSet)...
2023-04-06 00:47:43,746 - kedro.io.data_catalog - INFO - Saving data to 'X_test' (MemoryDataSet)...
2023-04-06 00:47:43,747 - kedro.io.data_catalog - INFO - Saving data to 'y_train' (MemoryDataSet)...
2023-04-06 00:47:43,748 - kedro.io.data_catalog - INFO - Saving data to 'y_test' (MemoryDataSet)...
2023-04-06 00:47:43,750 - kedro.runner.sequential_runner - INFO - Completed 1 out of 3 tasks
2023-04-06 00:47:43,751 - kedro.io.data_catalog - INFO - Loading data from 'X_train' (MemoryDataSet)...
2023-04-06 00:47:43,752 - kedro.io.data_catalog - INFO - Loading data from 'X_test' (MemoryDataSet)...
2023-04-06 00:47:43,753 - kedro.io.data_catalog - INFO - Loading data from 'y_train' (MemoryDataSet)...
2023-04-06 00:47:43,763 - kedro.pipeline.node - INFO - Running node: make_predictions: make_predictions([X_train,X_test,y_train]) -> [y_pred]
2023-04-06 00:47:43,767 - kedro.io.data_catalog - INFO - Saving data to 'y_pred' (MemoryDataSet)...
2023-04-06 00:47:43,769 - kedro.runner.sequential_runner - INFO - Completed 2 out of 3 tasks
2023-04-06 00:47:43,770 - kedro.io.data_catalog - INFO - Loading data from 'y_pred' (MemoryDataSet)...
2023-04-06 00:47:43,771 - kedro.io.data_catalog - INFO - Loading data from 'y_test' (MemoryDataSet)...
2023-04-06 00:47:43,773 - kedro.pipeline.node - INFO - Running node: report_accuracy: report_accuracy([y_pred,y_test]) -> None
2023-04-06 00:47:43,774 - iris_example.nodes - INFO - Model has accuracy of 0.956 on test data.
2023-04-06 00:47:43,776 - kedro.runner.sequential_runner - INFO - Completed 3 out of 3 tasks
2023-04-06 00:47:43,778 - kedro.runner.sequential_runner - INFO - Pipeline execution completed successfully.
